<?xml version="1.0" encoding="UTF-8"?>
<!-- Generated by org.testng.reporters.JUnitXMLReporter -->
<testsuite ignored="0" hostname="LAPTOP-DBLE9KDA" failures="0" tests="4" name="Test" time="16.156" errors="0" timestamp="2024-08-03T18:36:42 IST">
  <testcase classname="api.test.UserTests2" name="testPostUser" time="7.964"/>
  <testcase classname="api.test.UserTests2" name="testGetUserByName" time="1.627"/>
  <testcase classname="api.test.UserTests2" name="testUpdateUserByName" time="3.7"/>
  <testcase classname="api.test.UserTests2" name="testDeleteUserByName" time="1.851"/>
</testsuite> <!-- Test -->
