<?xml version="1.0" encoding="UTF-8"?>
<!-- Generated by org.testng.reporters.JUnitXMLReporter -->
<testsuite ignored="0" hostname="LAPTOP-DBLE9KDA" failures="0" tests="4" name="Test" time="16.798" errors="0" timestamp="2024-08-03T19:04:57 IST">
  <testcase classname="api.test.UserTests2" name="testPostUser" time="6.413"/>
  <testcase classname="api.test.UserTests2" name="testGetUserByName" time="2.635"/>
  <testcase classname="api.test.UserTests2" name="testUpdateUserByName" time="4.705"/>
  <testcase classname="api.test.UserTests2" name="testDeleteUserByName" time="2.236"/>
</testsuite> <!-- Test -->
