<?xml version="1.0" encoding="UTF-8"?>
<testng-results ignored="0" total="4" passed="4" failed="0" skipped="0">
  <reporter-output>
  </reporter-output>
  <suite started-at="2024-08-03T18:36:26 IST" name="Suite" finished-at="2024-08-03T18:36:42 IST" duration-ms="16156">
    <groups>
    </groups>
    <test started-at="2024-08-03T18:36:26 IST" name="Test" finished-at="2024-08-03T18:36:42 IST" duration-ms="16156">
      <class name="api.test.UserTests2">
        <test-method is-config="true" signature="setupData()[pri:0, instance:api.test.UserTests2@74f0ea28]" started-at="2024-08-03T18:36:26 IST" name="setupData" finished-at="2024-08-03T18:36:26 IST" duration-ms="390" status="PASS">
          <reporter-output>
          </reporter-output>
        </test-method> <!-- setupData -->
        <test-method signature="testPostUser()[pri:1, instance:api.test.UserTests2@74f0ea28]" started-at="2024-08-03T18:36:27 IST" name="testPostUser" finished-at="2024-08-03T18:36:34 IST" duration-ms="7964" status="PASS">
          <reporter-output>
          </reporter-output>
        </test-method> <!-- testPostUser -->
        <test-method signature="testGetUserByName()[pri:2, instance:api.test.UserTests2@74f0ea28]" started-at="2024-08-03T18:36:35 IST" name="testGetUserByName" finished-at="2024-08-03T18:36:36 IST" duration-ms="1627" status="PASS">
          <reporter-output>
          </reporter-output>
        </test-method> <!-- testGetUserByName -->
        <test-method signature="testUpdateUserByName()[pri:3, instance:api.test.UserTests2@74f0ea28]" started-at="2024-08-03T18:36:36 IST" name="testUpdateUserByName" finished-at="2024-08-03T18:36:40 IST" duration-ms="3700" status="PASS">
          <reporter-output>
          </reporter-output>
        </test-method> <!-- testUpdateUserByName -->
        <test-method signature="testDeleteUserByName()[pri:4, instance:api.test.UserTests2@74f0ea28]" started-at="2024-08-03T18:36:40 IST" name="testDeleteUserByName" finished-at="2024-08-03T18:36:42 IST" duration-ms="1851" status="PASS">
          <reporter-output>
          </reporter-output>
        </test-method> <!-- testDeleteUserByName -->
      </class> <!-- api.test.UserTests2 -->
    </test> <!-- Test -->
  </suite> <!-- Suite -->
</testng-results>
